<?xml version="1.0" encoding="UTF-8"?>
<!-- Generated by org.testng.reporters.JUnitReportReporter -->
<testsuite hostname="LTIN207742" failures="0" tests="5" name="com.Identify_NewBikes.StepRunner.TestRunner" time="179.186" errors="0" timestamp="2024-02-29T10:29:56 IST" skipped="0">
  <testcase classname="com.Identify_NewBikes.StepRunner.TestRunner" name="runScenario" time="30.420"/>
  <testcase classname="com.Identify_NewBikes.StepRunner.TestRunner" name="runScenario" time="21.458"/>
  <testcase classname="com.Identify_NewBikes.StepRunner.TestRunner" name="runScenario" time="50.156"/>
  <testcase classname="com.Identify_NewBikes.StepRunner.TestRunner" name="runScenario" time="46.786"/>
  <testcase classname="com.Identify_NewBikes.StepRunner.TestRunner" name="runScenario" time="30.366"/>
</testsuite> <!-- com.Identify_NewBikes.StepRunner.TestRunner -->
