<?xml version="1.0" encoding="UTF-8"?>
<!-- Generated by org.testng.reporters.JUnitReportReporter -->
<testsuite hostname="LTIN207742" failures="0" tests="18" name="com.Identify_NewBikes.StepRunner.TestRunner" time="1043.866" errors="0" timestamp="2024-02-27T22:37:35 IST" skipped="0">
  <testcase classname="com.Identify_NewBikes.StepRunner.TestRunner" name="runScenario" time="24.248"/>
  <testcase classname="com.Identify_NewBikes.StepRunner.TestRunner" name="runScenario" time="24.046"/>
  <testcase classname="com.Identify_NewBikes.StepRunner.TestRunner" name="runScenario" time="599.026"/>
  <testcase classname="com.Identify_NewBikes.StepRunner.TestRunner" name="runScenario" time="29.544"/>
  <testcase classname="com.Identify_NewBikes.StepRunner.TestRunner" name="runScenario" time="27.330"/>
  <testcase classname="com.Identify_NewBikes.StepRunner.TestRunner" name="runScenario" time="22.725"/>
  <testcase classname="com.Identify_NewBikes.StepRunner.TestRunner" name="runScenario" time="23.623"/>
  <testcase classname="com.Identify_NewBikes.StepRunner.TestRunner" name="runScenario" time="35.041"/>
  <testcase classname="com.Identify_NewBikes.StepRunner.TestRunner" name="runScenario" time="32.111"/>
  <testcase classname="com.Identify_NewBikes.StepRunner.TestRunner" name="runScenario" time="19.236"/>
  <testcase classname="com.Identify_NewBikes.StepRunner.TestRunner" name="runScenario" time="22.909"/>
  <testcase classname="com.Identify_NewBikes.StepRunner.TestRunner" name="runScenario" time="33.089"/>
  <testcase classname="com.Identify_NewBikes.StepRunner.TestRunner" name="runScenario" time="29.132"/>
  <testcase classname="com.Identify_NewBikes.StepRunner.TestRunner" name="runScenario" time="28.736"/>
  <testcase classname="com.Identify_NewBikes.StepRunner.TestRunner" name="runScenario" time="22.365"/>
  <testcase classname="com.Identify_NewBikes.StepRunner.TestRunner" name="runScenario" time="26.482"/>
  <testcase classname="com.Identify_NewBikes.StepRunner.TestRunner" name="runScenario" time="23.289"/>
  <testcase classname="com.Identify_NewBikes.StepRunner.TestRunner" name="runScenario" time="20.934"/>
</testsuite> <!-- com.Identify_NewBikes.StepRunner.TestRunner -->
