<?xml version="1.0" encoding="UTF-8"?>
<!-- Generated by org.testng.reporters.JUnitReportReporter -->
<testsuite hostname="LTIN207742" failures="0" tests="4" name="com.Identify_NewBikes.StepRunner.TestNG" time="31.506" errors="0" timestamp="2024-02-23T11:38:18 IST" skipped="0">
  <testcase classname="com.Identify_NewBikes.StepRunner.TestNG" name="runScenario" time="7.791"/>
  <testcase classname="com.Identify_NewBikes.StepRunner.TestNG" name="runScenario" time="2.621"/>
  <testcase classname="com.Identify_NewBikes.StepRunner.TestNG" name="runScenario" time="14.331"/>
  <testcase classname="com.Identify_NewBikes.StepRunner.TestNG" name="runScenario" time="6.763"/>
</testsuite> <!-- com.Identify_NewBikes.StepRunner.TestNG -->
